  Source.cpp
C:\Users\rela589n\source\repos\acm2019\e-olymp\Chernobyl’ Eagle on a Roof 587\eagle\eagle\Source.cpp(55,6): warning C4244:  'argument': conversion from '__int64' to 'const unsigned int', possible loss of data
C:\Users\rela589n\source\repos\acm2019\e-olymp\Chernobyl’ Eagle on a Roof 587\eagle\eagle\Source.cpp(55,14): warning C4244:  '=': conversion from '__int64' to '_Ty', possible loss of data
C:\Users\rela589n\source\repos\acm2019\e-olymp\Chernobyl’ Eagle on a Roof 587\eagle\eagle\Source.cpp(55,14): warning C4244:         with
C:\Users\rela589n\source\repos\acm2019\e-olymp\Chernobyl’ Eagle on a Roof 587\eagle\eagle\Source.cpp(55,14): warning C4244:         [
C:\Users\rela589n\source\repos\acm2019\e-olymp\Chernobyl’ Eagle on a Roof 587\eagle\eagle\Source.cpp(55,14): warning C4244:             _Ty=int
C:\Users\rela589n\source\repos\acm2019\e-olymp\Chernobyl’ Eagle on a Roof 587\eagle\eagle\Source.cpp(55,14): warning C4244:         ]
C:\Users\rela589n\source\repos\acm2019\e-olymp\Chernobyl’ Eagle on a Roof 587\eagle\eagle\Source.cpp(56,9): warning C4244:  'argument': conversion from '__int64' to 'const unsigned int', possible loss of data
C:\Users\rela589n\source\repos\acm2019\e-olymp\Chernobyl’ Eagle on a Roof 587\eagle\eagle\Source.cpp(60,17): warning C4244:  'initializing': conversion from '__int64' to 'int', possible loss of data
C:\Users\rela589n\source\repos\acm2019\e-olymp\Chernobyl’ Eagle on a Roof 587\eagle\eagle\Source.cpp(68,38): warning C4244:  'argument': conversion from '__int64' to 'const unsigned int', possible loss of data
C:\Users\rela589n\source\repos\acm2019\e-olymp\Chernobyl’ Eagle on a Roof 587\eagle\eagle\Source.cpp(68,49): warning C4244:  'argument': conversion from '__int64' to 'const unsigned int', possible loss of data
C:\Users\rela589n\source\repos\acm2019\e-olymp\Chernobyl’ Eagle on a Roof 587\eagle\eagle\Source.cpp(68,58): warning C4244:  'argument': conversion from '__int64' to 'const unsigned int', possible loss of data
C:\Users\rela589n\source\repos\acm2019\e-olymp\Chernobyl’ Eagle on a Roof 587\eagle\eagle\Source.cpp(72,24): warning C4244:  'argument': conversion from '__int64' to 'const unsigned int', possible loss of data
C:\Users\rela589n\source\repos\acm2019\e-olymp\Chernobyl’ Eagle on a Roof 587\eagle\eagle\Source.cpp(72,29): warning C4244:  'argument': conversion from '__int64' to 'const unsigned int', possible loss of data
C:\Users\rela589n\source\repos\acm2019\e-olymp\Chernobyl’ Eagle on a Roof 587\eagle\eagle\Source.cpp(74,42): warning C4244:  'argument': conversion from '__int64' to 'const unsigned int', possible loss of data
C:\Users\rela589n\source\repos\acm2019\e-olymp\Chernobyl’ Eagle on a Roof 587\eagle\eagle\Source.cpp(74,53): warning C4244:  'argument': conversion from '__int64' to 'const unsigned int', possible loss of data
C:\Users\rela589n\source\repos\acm2019\e-olymp\Chernobyl’ Eagle on a Roof 587\eagle\eagle\Source.cpp(74,62): warning C4244:  'argument': conversion from '__int64' to 'const unsigned int', possible loss of data
C:\Users\rela589n\source\repos\acm2019\e-olymp\Chernobyl’ Eagle on a Roof 587\eagle\eagle\Source.cpp(83,7): warning C4244:  'argument': conversion from '__int64' to 'const unsigned int', possible loss of data
C:\Users\rela589n\source\repos\acm2019\e-olymp\Chernobyl’ Eagle on a Roof 587\eagle\eagle\Source.cpp(83,10): warning C4244:  'argument': conversion from '__int64' to 'const unsigned int', possible loss of data
  Generating code
  2 of 96 functions ( 2.1%) were compiled, the rest were copied from previous compilation.
    0 functions were new in current compilation
    0 functions had inline decision re-evaluated but remain unchanged
  Finished generating code
  eagle.vcxproj -> C:\Users\rela589n\source\repos\acm2019\e-olymp\Chernobyl’ Eagle on a Roof 587\eagle\Release\eagle.exe
